[00:00:04.898] [DBG] BetterGenshinImpact.GameTask.Common.TaskControl
识别当前大地图位置："Point2f { X = -50,88086, Y = -2110,587 }"

[00:00:04.900] [DBG] BetterGenshinImpact.GameTask.Common.TaskControl
离目标传送点最近的区域是："枫丹"

[00:00:05.794] [INF] BetterGenshinImpact.GameTask.Common.TaskControl
切换到区域："枫丹"

[00:00:06.707] [INF] BetterGenshinImpact.GameTask.Common.TaskControl
点击传送点

[00:00:07.322] [INF] BetterGenshinImpact.GameTask.Common.TaskControl
传送：点击 "传送锚点"

[00:00:23.232] [INF] BetterGenshinImpact.GameTask.Common.TaskControl
传送完成，返回主界面

[00:00:24.261] [INF] BetterGenshinImpact.GameTask.TaskRunner
→ "任务结束"

[00:00:24.261] [INF] BetterGenshinImpact.ViewModel.Pages.OneDragonFlowViewModel
一条龙任务执行: 2/2

[00:00:24.261] [INF] BetterGenshinImpact.GameTask.TaskRunner
→ "任务启动！"

[00:00:24.263] [INF] BetterGenshinImpact.GameTask.Common.TaskControl
→ "前往冒险家协会领取奖励" 开始

[00:00:26.704] [INF] BetterGenshinImpact.GameTask.Common.TaskControl
"历练点："未找到领取历练点奖励按钮

[00:00:27.802] [INF] BetterGenshinImpact.GameTask.Common.TaskControl
"历练点："未找到领取历练点奖励按钮

[00:00:29.219] [INF] BetterGenshinImpact.GameTask.Common.TaskControl
检测到右侧队伍下偏移，进行位置偏移

[00:00:29.263] [INF] BetterGenshinImpact.GameTask.Common.TaskControl
识别到的队伍角色:"玛薇卡,希诺宁,莱依拉,芙宁娜"

[00:00:30.990] [DBG] BetterGenshinImpact.GameTask.Common.TaskControl
识别当前大地图位置："Point2f { X = 4509,38, Y = 3630,399 }"

[00:00:31.400] [INF] BetterGenshinImpact.GameTask.Common.TaskControl
点击传送点

[00:00:32.002] [INF] BetterGenshinImpact.GameTask.Common.TaskControl
传送：点击 "传送锚点"

[00:00:34.894] [INF] BetterGenshinImpact.GameTask.Common.TaskControl
传送完成，返回主界面

[00:00:35.517] [DBG] BetterGenshinImpact.GameTask.Common.TaskControl
粗略接近途经点，位置("4495,0","3638,0")

[00:00:38.495] [DBG] BetterGenshinImpact.GameTask.Common.TaskControl
到达路径点附近

[00:00:38.495] [DBG] BetterGenshinImpact.GameTask.Common.TaskControl
精确接近目标点，位置("4495,0","3638,0")

[00:00:42.890] [INF] BetterGenshinImpact.GameTask.Common.Job.ChooseTalkOptionTask
识别到橙色文字区域占比:0

[00:00:42.890] [INF] BetterGenshinImpact.GameTask.Common.TaskControl
▶ "领取『每日委托』奖励" 未完成或者已领取

[00:00:45.232] [INF] BetterGenshinImpact.GameTask.Common.Job.ChooseTalkOptionTask
识别到橙色文字区域占比:0,2423076923076923

[00:00:45.297] [INF] BetterGenshinImpact.GameTask.Common.Job.ChooseTalkOptionTask
对话选项："探索派遣"

[00:00:46.188] [INF] BetterGenshinImpact.GameTask.Common.TaskControl
探索派遣："全部领取"

[00:00:47.386] [INF] BetterGenshinImpact.GameTask.Common.TaskControl
探索派遣："再次派遣"

[00:00:47.894] [INF] BetterGenshinImpact.GameTask.Common.TaskControl
探索派遣："完成"

[00:00:47.901] [INF] BetterGenshinImpact.GameTask.Common.TaskControl
→ "前往冒险家协会领取奖励" 结束

[00:00:51.277] [INF] BetterGenshinImpact.GameTask.Common.TaskControl
纪行："无需领取"

[00:00:52.994] [INF] BetterGenshinImpact.GameTask.Common.TaskControl
纪行："一键领取"

[00:00:58.288] [INF] BetterGenshinImpact.GameTask.Common.TaskControl
纪行："一键领取"

[00:01:02.399] [INF] BetterGenshinImpact.GameTask.TaskRunner
→ "任务结束"

[00:01:02.399] [INF] BetterGenshinImpact.GameTask.TaskRunner
→ "任务启动！"

[00:01:07.462] [WRN] BetterGenshinImpact.GameTask.Common.TaskControl
检查每日奖励结果："未领取"，请手动检查！

[00:01:07.969] [INF] BetterGenshinImpact.ViewModel.Pages.OneDragonFlowViewModel
一条龙和配置组任务结束

[00:01:07.982] [INF] BetterGenshinImpact.GameTask.TaskRunner
→ "任务结束"

[00:06:22.210] [INF] BetterGenshinImpact.GameTask.AutoSkip.AutoSkipTrigger
自动剧情："领取「每日委托」奖励"

[00:20:32.873] [INF] BetterGenshinImpact.GameTask.AutoPick.AutoPickTrigger
交互或拾取："找斗准备"

[00:21:53.143] [DBG] BetterGenshinImpact.GameTask.Common.TaskControl
战斗脚本解析完成，共54条指令，涉及角色："莱依拉,芙宁娜,希诺宁,玛薇卡"

[00:21:53.143] [INF] BetterGenshinImpact.GameTask.TaskRunner
→ "任务启动！"

[00:21:53.161] [INF] BetterGenshinImpact.GameTask.AutoStygianOnslaught.AutoStygianOnslaughtTask
→ "自动幽境危战，" 用尽所有浓缩树脂和原粹树脂后结束

[00:21:53.789] [INF] BetterGenshinImpact.GameTask.AutoStygianOnslaught.AutoStygianOnslaughtTask
自动幽境危战：交互秘境

[00:22:00.453] [INF] BetterGenshinImpact.GameTask.AutoStygianOnslaught.AutoStygianOnslaughtTask
自动幽境危战：进入秘境

[00:22:06.142] [INF] BetterGenshinImpact.GameTask.AutoStygianOnslaught.AutoStygianOnslaughtTask
自动幽境危战：步行前往钥匙

[00:22:08.226] [INF] BetterGenshinImpact.GameTask.Common.TaskControl
检测到交互键

[00:22:10.266] [INF] BetterGenshinImpact.GameTask.AutoStygianOnslaught.AutoStygianOnslaughtTask
自动幽境危战：选择BOSS编号1

[00:22:18.268] [INF] BetterGenshinImpact.GameTask.Common.TaskControl
检测到右侧队伍下偏移，进行位置偏移

[00:22:18.408] [INF] BetterGenshinImpact.GameTask.Common.TaskControl
识别到的队伍角色:"玛薇卡,希诺宁,莱依拉,芙宁娜"

[00:22:18.408] [INF] BetterGenshinImpact.GameTask.Common.TaskControl
匹配到战斗脚本："火芙希莱-精英"

[00:22:22.466] [INF] BetterGenshinImpact.GameTask.AutoStygianOnslaught.AutoStygianOnslaughtTask
自动幽境危战："2. 执行战斗策略"

[00:22:27.891] [INF] BetterGenshinImpact.GameTask.Common.TaskControl
"芙宁娜" 点按元素战技，cd:199 秒

[00:24:21.725] [INF] BetterGenshinImpact.GameTask.Common.TaskControl
"莱依拉" 点按元素战技，cd:77 秒

[00:24:27.856] [INF] BetterGenshinImpact.GameTask.Common.TaskControl
"玛薇卡" 点按元素战技，cd:9 秒

[00:25:30.343] [INF] BetterGenshinImpact.GameTask.AutoStygianOnslaught.AutoStygianOnslaughtTask
自动战斗线程结束

[00:25:38.207] [INF] BetterGenshinImpact.GameTask.AutoStygianOnslaught.AutoStygianOnslaughtTask
自动幽境危战："3. 寻找地脉花"

[00:25:38.251] [INF] BetterGenshinImpact.GameTask.Common.TaskControl
未找到追踪点，停止任务

[00:25:38.252] [ERR] BetterGenshinImpact.GameTask.TaskRunner
未找到追踪点

[00:25:38.252] [DBG] BetterGenshinImpact.GameTask.TaskRunner
   at BetterGenshinImpact.GameTask.Common.Job.LowerHeadThenWalkToTask.Start(CancellationToken ct) in D:\a\better-genshin-impact\better-genshin-impact\BetterGenshinImpact\GameTask\Common\Job\LowerHeadThenWalkToTask.cs:line 53
   at BetterGenshinImpact.GameTask.AutoStygianOnslaught.AutoStygianOnslaughtTask.DoDomain() in D:\a\better-genshin-impact\better-genshin-impact\BetterGenshinImpact\GameTask\AutoStygianOnslaught\AutoStygianOnslaughtTask.cs:line 135
   at BetterGenshinImpact.GameTask.AutoStygianOnslaught.AutoStygianOnslaughtTask.Start(CancellationToken ct) in D:\a\better-genshin-impact\better-genshin-impact\BetterGenshinImpact\GameTask\AutoStygianOnslaught\AutoStygianOnslaughtTask.cs:line 70
   at BetterGenshinImpact.GameTask.TaskRunner.<>c__DisplayClass6_0.<<RunSoloTaskAsync>b__1>d.MoveNext() in D:\a\better-genshin-impact\better-genshin-impact\BetterGenshinImpact\GameTask\TaskRunner.cs:line 122
--- End of stack trace from previous location ---
   at BetterGenshinImpact.GameTask.TaskRunner.RunCurrentAsync(Func`1 action) in D:\a\better-genshin-impact\better-genshin-impact\BetterGenshinImpact\GameTask\TaskRunner.cs:line 63

[00:25:38.267] [INF] BetterGenshinImpact.GameTask.TaskRunner
→ "任务结束"

[00:51:31.780] [INF] BetterGenshinImpact.GameTask.TaskTriggerDispatcher
游戏已退出，BetterGI 自动停止截图器

[00:51:32.677] [DBG] BetterGenshinImpact.View.MainWindow
主窗体退出

[23:43:08.493] [DBG] BetterGenshinImpact.View.MainWindow
主窗体实例化

[23:43:09.068] [DBG] BetterGenshinImpact.Core.Recognition.ONNX.BgiOnnxFactory
[GpuAuto]修改进程PATH为:"C:\Windows\system32;C:\Windows;C:\Windows\System32\Wbem;C:\Windows\System32\WindowsPowerShell\v1.0\;C:\Windows\System32\OpenSSH\;C:\Program Files\dotnet\;C:\Users\echo-nova\AppData\Local\Microsoft\WindowsApps;"

[23:43:09.075] [DBG] BetterGenshinImpact.Core.Recognition.ONNX.BgiOnnxFactory
[ONNX]启用的provider:"Cpu",初始化参数: InferenceDevice=Cpu, OptimizedModel=False, CudaDeviceId=0, DmlDeviceId=0, EmbedTensorRtCache=True, EnableTensorRtCache=True, CpuOcr=False

[23:43:09.092] [DBG] BetterGenshinImpact.Core.Recognition.ONNX.BgiOnnxFactory
[ONNX]创建推理会话，模型: "PpOcrDetV4"

[23:43:09.840] [DBG] BetterGenshinImpact.Core.Recognition.ONNX.BgiOnnxFactory
[ONNX]创建推理会话，模型: "PpOcrRecV4"

[23:43:11.247] [DBG] BetterGenshinImpact.Core.Recognition.ONNX.BgiOnnxFactory
创建了类型为 "Paddle" 的 OCR服务

[23:43:39.741] [DBG] BetterGenshinImpact.Core.Recognition.ONNX.BgiOnnxFactory
[ONNX]创建推理会话，模型: "YapModelTraining"

[23:43:41.441] [INF] BetterGenshinImpact.View.MaskWindow
更好的原神 "0.51.0"

[23:43:41.443] [INF] BetterGenshinImpact.View.MaskWindow
遮罩窗口已启动，游戏大小1920x1080，素材缩放"1,00"，DPI缩放1

[23:44:48.166] [INF] BetterGenshinImpact.GameTask.Common.TaskControl
快速传送：点击 "传送锚点"

[23:44:50.967] [INF] BetterGenshinImpact.GameTask.Common.TaskControl
快速传送：点击 "传送锚点"

[23:46:49.137] [DBG] BetterGenshinImpact.GameTask.Common.TaskControl
战斗脚本解析完成，共54条指令，涉及角色："莱依拉,芙宁娜,希诺宁,玛薇卡"

[23:46:49.140] [INF] BetterGenshinImpact.GameTask.TaskRunner
→ "任务启动！"

[23:46:49.152] [INF] BetterGenshinImpact.GameTask.AutoStygianOnslaught.AutoStygianOnslaughtTask
→ "自动幽境危战，" 指定使用树脂

[23:46:49.910] [INF] BetterGenshinImpact.GameTask.AutoStygianOnslaught.AutoStygianOnslaughtTask
自动幽境危战：交互秘境

[23:46:56.818] [INF] BetterGenshinImpact.GameTask.AutoStygianOnslaught.AutoStygianOnslaughtTask
自动幽境危战：进入秘境

[23:47:02.756] [INF] BetterGenshinImpact.GameTask.AutoStygianOnslaught.AutoStygianOnslaughtTask
自动幽境危战：步行前往钥匙

[23:47:04.813] [INF] BetterGenshinImpact.GameTask.Common.TaskControl
检测到交互键

[23:47:07.237] [INF] BetterGenshinImpact.GameTask.AutoStygianOnslaught.AutoStygianOnslaughtTask
自动幽境危战：选择BOSS编号1

[23:47:16.215] [INF] BetterGenshinImpact.GameTask.Common.TaskControl
检测到右侧队伍下偏移，进行位置偏移

[23:47:16.428] [INF] BetterGenshinImpact.GameTask.Common.TaskControl
识别到的队伍角色:"玛薇卡,希诺宁,莱依拉,芙宁娜"

[23:47:16.430] [INF] BetterGenshinImpact.GameTask.Common.TaskControl
匹配到战斗脚本："火芙希莱-精英"

[23:47:20.502] [INF] BetterGenshinImpact.GameTask.AutoStygianOnslaught.AutoStygianOnslaughtTask
自动幽境危战："2. 执行战斗策略"

[23:47:25.943] [INF] BetterGenshinImpact.GameTask.Common.TaskControl
"芙宁娜" 点按元素战技，cd:198 秒

[23:49:21.733] [INF] BetterGenshinImpact.GameTask.Common.TaskControl
"莱依拉" 点按元素战技，cd:199 秒

[23:49:43.105] [INF] BetterGenshinImpact.GameTask.Common.TaskControl
"莱依拉" 点按元素战技，cd:199 秒

[23:49:51.690] [INF] BetterGenshinImpact.GameTask.Common.TaskControl
"玛薇卡" 点按元素战技，cd:113 秒

[23:50:13.778] [INF] BetterGenshinImpact.GameTask.Common.TaskControl
"玛薇卡" 点按元素战技，cd:199 秒

[23:50:16.624] [INF] BetterGenshinImpact.GameTask.AutoStygianOnslaught.AutoStygianOnslaughtTask
战斗操作中断："取消自动任务"

[23:50:16.624] [INF] BetterGenshinImpact.GameTask.AutoStygianOnslaught.AutoStygianOnslaughtTask
自动战斗线程结束

[23:50:24.461] [INF] BetterGenshinImpact.GameTask.AutoStygianOnslaught.AutoStygianOnslaughtTask
自动幽境危战："3. 寻找地脉花"

[23:50:24.507] [INF] BetterGenshinImpact.GameTask.Common.TaskControl
未找到追踪点，停止任务

[23:50:24.538] [ERR] BetterGenshinImpact.GameTask.TaskRunner
未找到追踪点

[23:50:24.538] [DBG] BetterGenshinImpact.GameTask.TaskRunner
   at BetterGenshinImpact.GameTask.Common.Job.LowerHeadThenWalkToTask.Start(CancellationToken ct) in D:\a\better-genshin-impact\better-genshin-impact\BetterGenshinImpact\GameTask\Common\Job\LowerHeadThenWalkToTask.cs:line 53
   at BetterGenshinImpact.GameTask.AutoStygianOnslaught.AutoStygianOnslaughtTask.DoDomain() in D:\a\better-genshin-impact\better-genshin-impact\BetterGenshinImpact\GameTask\AutoStygianOnslaught\AutoStygianOnslaughtTask.cs:line 135
   at BetterGenshinImpact.GameTask.AutoStygianOnslaught.AutoStygianOnslaughtTask.Start(CancellationToken ct) in D:\a\better-genshin-impact\better-genshin-impact\BetterGenshinImpact\GameTask\AutoStygianOnslaught\AutoStygianOnslaughtTask.cs:line 70
   at BetterGenshinImpact.GameTask.TaskRunner.<>c__DisplayClass6_0.<<RunSoloTaskAsync>b__1>d.MoveNext() in D:\a\better-genshin-impact\better-genshin-impact\BetterGenshinImpact\GameTask\TaskRunner.cs:line 122
--- End of stack trace from previous location ---
   at BetterGenshinImpact.GameTask.TaskRunner.RunCurrentAsync(Func`1 action) in D:\a\better-genshin-impact\better-genshin-impact\BetterGenshinImpact\GameTask\TaskRunner.cs:line 63

[23:50:24.558] [INF] BetterGenshinImpact.GameTask.TaskRunner
→ "任务结束"

[23:51:29.533] [DBG] BetterGenshinImpact.GameTask.Common.TaskControl
战斗脚本解析完成，共54条指令，涉及角色："莱依拉,芙宁娜,希诺宁,玛薇卡"

[23:51:29.533] [INF] BetterGenshinImpact.GameTask.TaskRunner
→ "任务启动！"

[23:51:29.552] [INF] BetterGenshinImpact.GameTask.AutoStygianOnslaught.AutoStygianOnslaughtTask
→ "自动幽境危战，" 指定使用树脂

[23:51:30.241] [INF] BetterGenshinImpact.GameTask.AutoStygianOnslaught.AutoStygianOnslaughtTask
自动幽境危战：交互秘境

[23:51:36.851] [INF] BetterGenshinImpact.GameTask.AutoStygianOnslaught.AutoStygianOnslaughtTask
自动幽境危战：进入秘境

[23:51:42.558] [INF] BetterGenshinImpact.GameTask.AutoStygianOnslaught.AutoStygianOnslaughtTask
自动幽境危战：步行前往钥匙

[23:51:44.618] [INF] BetterGenshinImpact.GameTask.Common.TaskControl
检测到交互键

[23:51:46.617] [INF] BetterGenshinImpact.GameTask.AutoStygianOnslaught.AutoStygianOnslaughtTask
自动幽境危战：选择BOSS编号1

[23:51:54.647] [INF] BetterGenshinImpact.GameTask.Common.TaskControl
检测到右侧队伍下偏移，进行位置偏移

[23:51:54.681] [INF] BetterGenshinImpact.GameTask.Common.TaskControl
识别到的队伍角色:"玛薇卡,希诺宁,莱依拉,芙宁娜"

[23:51:54.681] [INF] BetterGenshinImpact.GameTask.Common.TaskControl
匹配到战斗脚本："火芙希莱-精英"

[23:51:58.722] [INF] BetterGenshinImpact.GameTask.AutoStygianOnslaught.AutoStygianOnslaughtTask
自动幽境危战："2. 执行战斗策略"

[23:52:04.175] [INF] BetterGenshinImpact.GameTask.Common.TaskControl
"芙宁娜" 点按元素战技，cd:199 秒

[23:54:04.557] [INF] BetterGenshinImpact.GameTask.Common.TaskControl
"莱依拉" 点按元素战技，cd:199 秒

[23:54:13.279] [INF] BetterGenshinImpact.GameTask.Common.TaskControl
"玛薇卡" 点按元素战技，cd:111 秒

[23:54:35.517] [INF] BetterGenshinImpact.GameTask.Common.TaskControl
"玛薇卡" 点按元素战技，cd:199 秒

[23:55:25.074] [INF] BetterGenshinImpact.GameTask.AutoStygianOnslaught.AutoStygianOnslaughtTask
自动战斗线程结束

[23:55:36.970] [INF] BetterGenshinImpact.GameTask.AutoStygianOnslaught.AutoStygianOnslaughtTask
自动幽境危战："3. 寻找地脉花"

[23:55:37.007] [INF] BetterGenshinImpact.GameTask.Common.TaskControl
未找到追踪点，停止任务

[23:55:37.008] [ERR] BetterGenshinImpact.GameTask.TaskRunner
未找到追踪点

[23:55:37.008] [DBG] BetterGenshinImpact.GameTask.TaskRunner
   at BetterGenshinImpact.GameTask.Common.Job.LowerHeadThenWalkToTask.Start(CancellationToken ct) in D:\a\better-genshin-impact\better-genshin-impact\BetterGenshinImpact\GameTask\Common\Job\LowerHeadThenWalkToTask.cs:line 53
   at BetterGenshinImpact.GameTask.AutoStygianOnslaught.AutoStygianOnslaughtTask.DoDomain() in D:\a\better-genshin-impact\better-genshin-impact\BetterGenshinImpact\GameTask\AutoStygianOnslaught\AutoStygianOnslaughtTask.cs:line 135
   at BetterGenshinImpact.GameTask.AutoStygianOnslaught.AutoStygianOnslaughtTask.Start(CancellationToken ct) in D:\a\better-genshin-impact\better-genshin-impact\BetterGenshinImpact\GameTask\AutoStygianOnslaught\AutoStygianOnslaughtTask.cs:line 70
   at BetterGenshinImpact.GameTask.TaskRunner.<>c__DisplayClass6_0.<<RunSoloTaskAsync>b__1>d.MoveNext() in D:\a\better-genshin-impact\better-genshin-impact\BetterGenshinImpact\GameTask\TaskRunner.cs:line 122
--- End of stack trace from previous location ---
   at BetterGenshinImpact.GameTask.TaskRunner.RunCurrentAsync(Func`1 action) in D:\a\better-genshin-impact\better-genshin-impact\BetterGenshinImpact\GameTask\TaskRunner.cs:line 63

[23:55:37.019] [INF] BetterGenshinImpact.GameTask.TaskRunner
→ "任务结束"

[23:59:12.924] [DBG] BetterGenshinImpact.GameTask.Common.TaskControl
战斗脚本解析完成，共46条指令，涉及角色："伊涅芙,玛薇卡,芙宁娜,希诺宁"

[23:59:12.925] [INF] BetterGenshinImpact.GameTask.TaskRunner
→ "任务启动！"

[23:59:12.931] [INF] BetterGenshinImpact.GameTask.AutoStygianOnslaught.AutoStygianOnslaughtTask
→ "自动幽境危战，" 用尽所有浓缩树脂和原粹树脂后结束

[23:59:13.585] [INF] BetterGenshinImpact.GameTask.AutoStygianOnslaught.AutoStygianOnslaughtTask
自动幽境危战：交互秘境

[23:59:20.164] [INF] BetterGenshinImpact.GameTask.AutoStygianOnslaught.AutoStygianOnslaughtTask
自动幽境危战：进入秘境

[23:59:25.291] [INF] BetterGenshinImpact.GameTask.AutoStygianOnslaught.AutoStygianOnslaughtTask
自动幽境危战：步行前往钥匙

[23:59:27.292] [INF] BetterGenshinImpact.GameTask.Common.TaskControl
检测到交互键

[23:59:29.730] [INF] BetterGenshinImpact.GameTask.AutoStygianOnslaught.AutoStygianOnslaughtTask
自动幽境危战：选择BOSS编号3

[23:59:37.724] [INF] BetterGenshinImpact.GameTask.Common.TaskControl
检测到右侧队伍下偏移，进行位置偏移

[23:59:37.760] [INF] BetterGenshinImpact.GameTask.Common.TaskControl
识别到的队伍角色:"伊涅芙,芙宁娜,玛薇卡,希诺宁"

[23:59:37.760] [INF] BetterGenshinImpact.GameTask.Common.TaskControl
匹配到战斗脚本："火_水_机娘_希诺宁"

[23:59:41.814] [INF] BetterGenshinImpact.GameTask.AutoStygianOnslaught.AutoStygianOnslaughtTask
自动幽境危战："2. 执行战斗策略"

[23:59:42.062] [INF] BetterGenshinImpact.GameTask.Common.TaskControl
"伊涅芙" 点按元素战技，cd:159 秒

